
> web@1.0.0 build
> next build

   ▲ Next.js 14.1.4

   Creating an optimized production build ...
Browserslist: caniuse-lite is outdated. Please run:
  npx update-browserslist-db@latest
  Why you should do it regularly: https://github.com/browserslist/update-db#readme
Browserslist: caniuse-lite is outdated. Please run:
  npx update-browserslist-db@latest
  Why you should do it regularly: https://github.com/browserslist/update-db#readme
 ✓ Compiled successfully
   Linting and checking validity of types ...

./lib/auth.ts
7:23  Warning: GOOGLE_CLIENT_ID is not listed as a dependency in turbo.json  turbo/no-undeclared-env-vars
8:27  Warning: GOOGLE_CLIENT_SECRET is not listed as a dependency in turbo.json  turbo/no-undeclared-env-vars
47:13  Warning: NEXTAUTH_SECRET is not listed as a dependency in turbo.json  turbo/no-undeclared-env-vars

info  - Need to disable some ESLint rules? Learn more here: https://nextjs.org/docs/basic-features/eslint#disabling-rules
   Collecting page data ...
   Generating static pages (0/5) ...
   Generating static pages (1/5) 
   Generating static pages (2/5) 
   Generating static pages (3/5) 
 ✓ Generating static pages (5/5) 
   Finalizing page optimization ...
   Collecting build traces ...

Route (app)                              Size     First Load JS
┌ ○ /                                    1.11 kB         108 kB
├ ○ /_not-found                          881 B          85.3 kB
└ λ /api/auth/[...nextauth]              0 B                0 B
+ First Load JS shared by all            84.4 kB
  ├ chunks/1dd3208c-f9971ff387577daf.js  53.4 kB
  ├ chunks/997-3e507830b1c9d771.js       29 kB
  └ other shared chunks (total)          1.96 kB


○  (Static)   prerendered as static content
λ  (Dynamic)  server-rendered on demand using Node.js

